# JRE version: OpenJDK Runtime Environment (16.0.1+9) (build 16.0.1+9-24)
# Java VM: OpenJDK 64-Bit Server VM (16.0.1+9-24, mixed mode, sharing, tiered, compressed oops, compressed class ptrs, g1 gc, windows-amd64)
GC Precious Log:
 CPUs: 4 total, 4 available
 Memory: 8102M
 Large Page Support: Disabled
 NUMA Support: Disabled
 Compressed Oops: Enabled (32-bit)
 Heap Region Size: 1M
 Heap Min Capacity: 8M
 Heap Initial Capacity: 128M
 Heap Max Capacity: 2026M
 Pre-touch: Disabled
 Parallel Workers: 4
 Concurrent Workers: 1
 Concurrent Refinement Workers: 4
 Periodic GC: Disabled
Heap:
 garbage-first heap   total 135168K, used 29462K [0x0000000081600000, 0x0000000100000000)
  region size 1024K, 3 young (3072K), 3 survivors (3072K)
 Metaspace       used 59991K, committed 60352K, reserved 1105920K
  class space    used 8437K, committed 8640K, reserved 1048576K
GC Heap History (20 events):
Event: 2.066 GC heap after
{Heap after GC invocations=5 (full 0):
 garbage-first heap   total 131072K, used 12509K [0x0000000081600000, 0x0000000100000000)
  region size 1024K, 7 young (7168K), 7 survivors (7168K)
 Metaspace       used 21014K, committed 21248K, reserved 1073152K
  class space    used 2942K, committed 3072K, reserved 1048576K
}
Event: 2.630 GC heap before
{Heap before GC invocations=6 (full 0):
 garbage-first heap   total 48128K, used 46301K [0x0000000081600000, 0x0000000100000000)
  region size 1024K, 41 young (41984K), 7 survivors (7168K)
 Metaspace       used 25558K, committed 25920K, reserved 1073152K
  class space    used 3600K, committed 3776K, reserved 1048576K
}
Event: 2.641 GC heap after
{Heap after GC invocations=7 (full 0):
 garbage-first heap   total 58368K, used 15080K [0x0000000081600000, 0x0000000100000000)
  region size 1024K, 6 young (6144K), 6 survivors (6144K)
 Metaspace       used 25558K, committed 25920K, reserved 1073152K
  class space    used 3600K, committed 3776K, reserved 1048576K
}
Event: 2.646 GC heap before
{Heap before GC invocations=7 (full 0):
 garbage-first heap   total 58368K, used 41704K [0x0000000081600000, 0x0000000100000000)
  region size 1024K, 33 young (33792K), 6 survivors (6144K)
 Metaspace       used 25558K, committed 25920K, reserved 1073152K
  class space    used 3600K, committed 3776K, reserved 1048576K
}
Event: 2.651 GC heap after
{Heap after GC invocations=8 (full 0):
 garbage-first heap   total 71680K, used 15283K [0x0000000081600000, 0x0000000100000000)
  region size 1024K, 1 young (1024K), 1 survivors (1024K)
 Metaspace       used 25558K, committed 25920K, reserved 1073152K
  class space    used 3600K, committed 3776K, reserved 1048576K
}
Event: 2.732 GC heap before
{Heap before GC invocations=8 (full 0):
 garbage-first heap   total 71680K, used 54195K [0x0000000081600000, 0x0000000100000000)
  region size 1024K, 40 young (40960K), 1 survivors (1024K)
 Metaspace       used 26240K, committed 26624K, reserved 1073152K
  class space    used 3661K, committed 3840K, reserved 1048576K
}
Event: 2.734 GC heap after
{Heap after GC invocations=9 (full 0):
 garbage-first heap   total 71680K, used 15462K [0x0000000081600000, 0x0000000100000000)
  region size 1024K, 1 young (1024K), 1 survivors (1024K)
 Metaspace       used 26240K, committed 26624K, reserved 1073152K
  class space    used 3661K, committed 3840K, reserved 1048576K
}
Event: 3.393 GC heap before
{Heap before GC invocations=9 (full 0):
 garbage-first heap   total 71680K, used 55398K [0x0000000081600000, 0x0000000100000000)
  region size 1024K, 41 young (41984K), 1 survivors (1024K)
 Metaspace       used 33955K, committed 34368K, reserved 1081344K
  class space    used 4802K, committed 4992K, reserved 1048576K
}
Event: 3.397 GC heap after
{Heap after GC invocations=10 (full 0):
 garbage-first heap   total 71680K, used 17322K [0x0000000081600000, 0x0000000100000000)
  region size 1024K, 3 young (3072K), 3 survivors (3072K)
 Metaspace       used 33955K, committed 34368K, reserved 1081344K
  class space    used 4802K, committed 4992K, reserved 1048576K
}
Event: 3.461 GC heap before
{Heap before GC invocations=10 (full 0):
 garbage-first heap   total 71680K, used 19370K [0x0000000081600000, 0x0000000100000000)
  region size 1024K, 6 young (6144K), 3 survivors (3072K)
 Metaspace       used 35175K, committed 35520K, reserved 1081344K
  class space    used 4943K, committed 5120K, reserved 1048576K
}
Event: 3.465 GC heap after
{Heap after GC invocations=11 (full 0):
 garbage-first heap   total 71680K, used 18636K [0x0000000081600000, 0x0000000100000000)
  region size 1024K, 4 young (4096K), 4 survivors (4096K)
 Metaspace       used 35175K, committed 35520K, reserved 1081344K
  class space    used 4943K, committed 5120K, reserved 1048576K
}
Event: 3.888 GC heap before
{Heap before GC invocations=12 (full 0):
 garbage-first heap   total 71680K, used 45260K [0x0000000081600000, 0x0000000100000000)
  region size 1024K, 30 young (30720K), 4 survivors (4096K)
 Metaspace       used 41473K, committed 41792K, reserved 1089536K
  class space    used 5828K, committed 5952K, reserved 1048576K
}
Event: 3.894 GC heap after
{Heap after GC invocations=13 (full 0):
 garbage-first heap   total 71680K, used 20954K [0x0000000081600000, 0x0000000100000000)
  region size 1024K, 4 young (4096K), 4 survivors (4096K)
 Metaspace       used 41473K, committed 41792K, reserved 1089536K
  class space    used 5828K, committed 5952K, reserved 1048576K
}
Event: 4.280 GC heap before
{Heap before GC invocations=14 (full 0):
 garbage-first heap   total 71680K, used 47578K [0x0000000081600000, 0x0000000100000000)
  region size 1024K, 30 young (30720K), 4 survivors (4096K)
 Metaspace       used 45434K, committed 45824K, reserved 1089536K
  class space    used 6423K, committed 6592K, reserved 1048576K
}
Event: 4.285 GC heap after
{Heap after GC invocations=15 (full 0):
 garbage-first heap   total 71680K, used 21969K [0x0000000081600000, 0x0000000100000000)
  region size 1024K, 2 young (2048K), 2 survivors (2048K)
 Metaspace       used 45434K, committed 45824K, reserved 1089536K
  class space    used 6423K, committed 6592K, reserved 1048576K
}
Event: 5.102 GC heap before
{Heap before GC invocations=15 (full 0):
 garbage-first heap   total 71680K, used 49617K [0x0000000081600000, 0x0000000100000000)
  region size 1024K, 29 young (29696K), 2 survivors (2048K)
 Metaspace       used 50577K, committed 50944K, reserved 1097728K
  class space    used 7196K, committed 7360K, reserved 1048576K
}
Event: 5.106 GC heap after
{Heap after GC invocations=16 (full 0):
 garbage-first heap   total 71680K, used 23748K [0x0000000081600000, 0x0000000100000000)
  region size 1024K, 3 young (3072K), 3 survivors (3072K)
 Metaspace       used 50577K, committed 50944K, reserved 1097728K
  class space    used 7196K, committed 7360K, reserved 1048576K
}
Event: 5.550 GC heap before
{Heap before GC invocations=16 (full 0):
 garbage-first heap   total 71680K, used 51396K [0x0000000081600000, 0x0000000100000000)
  region size 1024K, 30 young (30720K), 3 survivors (3072K)
 Metaspace       used 53856K, committed 54272K, reserved 1097728K
  class space    used 7671K, committed 7872K, reserved 1048576K
}
Event: 5.557 GC heap after
{Heap after GC invocations=17 (full 0):
 garbage-first heap   total 71680K, used 26476K [0x0000000081600000, 0x0000000100000000)
  region size 1024K, 4 young (4096K), 4 survivors (4096K)
 Metaspace       used 53856K, committed 54272K, reserved 1097728K
  class space    used 7671K, committed 7872K, reserved 1048576K
}
Event: 18.292 GC heap before
{Heap before GC invocations=17 (full 0):
 garbage-first heap   total 71680K, used 53100K [0x0000000081600000, 0x0000000100000000)
  region size 1024K, 30 young (30720K), 4 survivors (4096K)
 Metaspace       used 59991K, committed 60352K, reserved 1105920K
  class space    used 8437K, committed 8640K, reserved 1048576K
}

